            --------------------------------------------------------
                             AMBER SQM VERSION 14
 
                                     By
              Ross C. Walker, Michael F. Crowley, Scott Brozell,
                         Tim Giese, Andreas W. Goetz,
                        Tai-Sung Lee and David A. Case
 
            --------------------------------------------------------
 

--------------------------------------------------------------------------------
  QM CALCULATION INFO
--------------------------------------------------------------------------------

| QMMM: Citation for AMBER QMMM Run:
| QMMM: R.C. Walker, M.F. Crowley and D.A. Case, J. COMP. CHEM. 29:1019, 2008

QMMM: SINGLET STATE CALCULATION
QMMM: RHF CALCULATION, NO. OF DOUBLY OCCUPIED LEVELS =  9

| QMMM: *** Selected Hamiltonian *** 
| QMMM: AM1         

| QMMM: *** Parameter sets in use ***
| QMMM: S : M.J.S.DEWAR et al. INORG. CHEM., 29, 3881, (1990)
| QMMM: O : M.J.S.DEWAR et al. JACS, 107, 3902, (1985)

| QMMM: *** SCF convergence criteria ***
| QMMM: Energy change                :  0.1D-09 kcal/mol
| QMMM: Error matrix |FP-PF|         :  0.1D+00 au
| QMMM: Density matrix change        :  0.5D-06
| QMMM: Maximum number of SCF cycles :     1000

| QMMM: *** Diagonalization Routine Information ***
| QMMM: Pseudo diagonalizations are allowed.
| QMMM: Auto diagonalization routine selection is in use.
| QMMM:
| QMMM: Timing diagonalization routines:
| QMMM:                              norbs =       12
| QMMM:    diag iterations used for timing =       20
| QMMM:
| QMMM:              Internal diag routine = 0.000774 seconds
| QMMM:                 Dspev diag routine = 0.001590 seconds
| QMMM:                Dspevd diag routine = 0.001569 seconds
| QMMM:                Dspevx diag routine = 0.004691 seconds
| QMMM:                 Dsyev diag routine = 0.001600 seconds
| QMMM:                Dsyevd diag routine = 0.001048 seconds
| QMMM:                Dsyevr diag routine = 0.000902 seconds
| QMMM:
| QMMM:                Pseudo diag routine = 0.000114 seconds
| QMMM:
| QMMM: Using internal diagonalization routine (diag_routine=1).

  QMMM: QM Region Cartesian Coordinates (*=link atom) 
  QMMM: QM_NO.   MM_NO.  ATOM         X         Y         Z
  QMMM:     1        1      S       -0.0320   -0.3510    0.0000
  QMMM:     2        2      O       -1.1630    0.3690    0.0000
  QMMM:     3        3      O        1.2260    0.3320    0.0000

--------------------------------------------------------------------------------
  RESULTS
--------------------------------------------------------------------------------

      iter         sqm energy              rms gradient
      ----    -------------------    -----------------------
xmin    10      -47.0331 kcal/mol        0.0087 kcal/(mol*A)
  ... geometry converged !
 
 Final MO eigenvalues (eV):
 -37.3755  -37.2091  -19.8368  -17.0435  -16.7180  -16.0055  -12.7481  -12.3765
 -10.4888   -1.0477    2.0450    2.1502

 Heat of formation   =        -47.03309421 kcal/mol  (       -2.03950801 eV)

 Total SCF energy    =     -19233.22925842 kcal/mol  (     -834.01540516 eV)
 Electronic energy   =     -37864.14143935 kcal/mol  (    -1641.91238192 eV)
 Core-core repulsion =      18630.91218093 kcal/mol  (      807.89697675 eV)
 
    Atomic Charges for Step       1 :
  Atom    Element       Mulliken Charge
     1      S                  1.468
     2      O                 -0.734
     3      O                 -0.734
 Total Mulliken Charge =      -0.000
 
                  X        Y        Z     TOTAL  
  QM DIPOLE    -0.239   -4.283    0.022    4.289
 
 Final Structure

  QMMM: QM Region Cartesian Coordinates (*=link atom) 
  QMMM: QM_NO.   MM_NO.  ATOM         X         Y         Z
  QMMM:     1        1      S       -0.0209   -0.4431    0.0028
  QMMM:     2        2      O       -1.1280    0.4608   -0.0023
  QMMM:     3        3      O        1.1799    0.3322   -0.0005

           --------- Calculation Completed ----------

